<?xml version="1.0" encoding="UTF-8"?>
<coverage generated="1493914030757" clover="3.2.0">
  <project timestamp="1493914030758" name="All files">
    <metrics statements="51" coveredstatements="48" conditionals="8" coveredconditionals="4" methods="20" coveredmethods="17" elements="79" coveredelements="69" complexity="0" loc="51" ncloc="51" packages="5" files="7" classes="7">
      <package name="accounts_backend">
        <metrics statements="14" coveredstatements="14" conditionals="0" coveredconditionals="0" methods="0" coveredmethods="0"/>
        <file name="config.js" path="/home/knut/Dokumente/Programming/node.js/accounts/accounts_backend/config.js">
          <metrics statements="14" coveredstatements="14" conditionals="0" coveredconditionals="0" methods="0" coveredmethods="0"/>
          <line num="1" count="3" type="stmt"/>
          <line num="2" count="3" type="stmt"/>
          <line num="3" count="3" type="stmt"/>
          <line num="4" count="3" type="stmt"/>
          <line num="6" count="3" type="stmt"/>
          <line num="7" count="3" type="stmt"/>
          <line num="8" count="3" type="stmt"/>
          <line num="9" count="3" type="stmt"/>
          <line num="11" count="3" type="stmt"/>
          <line num="13" count="3" type="stmt"/>
          <line num="14" count="3" type="stmt"/>
          <line num="15" count="3" type="stmt"/>
          <line num="16" count="3" type="stmt"/>
          <line num="17" count="3" type="stmt"/>
        </file>
      </package>
      <package name="accounts_backend.db">
        <metrics statements="6" coveredstatements="6" conditionals="0" coveredconditionals="0" methods="0" coveredmethods="0"/>
        <file name="accountsSchema.js" path="/home/knut/Dokumente/Programming/node.js/accounts/accounts_backend/db/accountsSchema.js">
          <metrics statements="1" coveredstatements="1" conditionals="0" coveredconditionals="0" methods="0" coveredmethods="0"/>
          <line num="3" count="3" type="stmt"/>
        </file>
        <file name="index.js" path="/home/knut/Dokumente/Programming/node.js/accounts/accounts_backend/db/index.js">
          <metrics statements="5" coveredstatements="5" conditionals="0" coveredconditionals="0" methods="0" coveredmethods="0"/>
          <line num="5" count="3" type="stmt"/>
          <line num="7" count="3" type="stmt"/>
          <line num="8" count="3" type="stmt"/>
          <line num="9" count="3" type="stmt"/>
          <line num="10" count="3" type="stmt"/>
        </file>
      </package>
      <package name="accounts_backend.db.lib">
        <metrics statements="10" coveredstatements="7" conditionals="6" coveredconditionals="3" methods="7" coveredmethods="5"/>
        <file name="resetDb.js" path="/home/knut/Dokumente/Programming/node.js/accounts/accounts_backend/db/lib/resetDb.js">
          <metrics statements="2" coveredstatements="2" conditionals="0" coveredconditionals="0" methods="1" coveredmethods="1"/>
          <line num="4" count="3" type="stmt"/>
          <line num="5" count="3" type="stmt"/>
        </file>
        <file name="seed.js" path="/home/knut/Dokumente/Programming/node.js/accounts/accounts_backend/db/lib/seed.js">
          <metrics statements="8" coveredstatements="5" conditionals="6" coveredconditionals="3" methods="6" coveredmethods="4"/>
          <line num="15" count="2" type="stmt"/>
          <line num="16" count="2" type="stmt"/>
          <line num="17" count="0" type="stmt"/>
          <line num="19" count="2" type="stmt"/>
          <line num="26" count="2" type="stmt"/>
          <line num="27" count="2" type="cond" truecount="1" falsecount="1"/>
          <line num="35" count="0" type="stmt"/>
          <line num="36" count="0" type="stmt"/>
        </file>
      </package>
      <package name="accounts_backend.lib.helpers">
        <metrics statements="6" coveredstatements="6" conditionals="2" coveredconditionals="1" methods="4" coveredmethods="4"/>
        <file name="generatePassword.js" path="/home/knut/Dokumente/Programming/node.js/accounts/accounts_backend/lib/helpers/generatePassword.js">
          <metrics statements="6" coveredstatements="6" conditionals="2" coveredconditionals="1" methods="4" coveredmethods="4"/>
          <line num="1" count="2" type="stmt"/>
          <line num="9" count="2" type="stmt"/>
          <line num="10" count="2" type="stmt"/>
          <line num="11" count="2" type="stmt"/>
          <line num="12" count="2" type="cond" truecount="1" falsecount="1"/>
          <line num="13" count="2" type="stmt"/>
        </file>
      </package>
      <package name="accounts_backend.tests.helpers">
        <metrics statements="15" coveredstatements="15" conditionals="0" coveredconditionals="0" methods="9" coveredmethods="8"/>
        <file name="mail.js" path="/home/knut/Dokumente/Programming/node.js/accounts/accounts_backend/tests/helpers/mail.js">
          <metrics statements="15" coveredstatements="15" conditionals="0" coveredconditionals="0" methods="9" coveredmethods="8"/>
          <line num="1" count="1" type="stmt"/>
          <line num="4" count="1" type="stmt"/>
          <line num="5" count="1" type="stmt"/>
          <line num="6" count="1" type="stmt"/>
          <line num="7" count="51" type="stmt"/>
          <line num="11" count="1" type="stmt"/>
          <line num="26" count="1" type="stmt"/>
          <line num="27" count="1" type="stmt"/>
          <line num="28" count="1" type="stmt"/>
          <line num="29" count="1" type="stmt"/>
          <line num="30" count="1" type="stmt"/>
          <line num="31" count="1" type="stmt"/>
          <line num="32" count="1" type="stmt"/>
          <line num="33" count="1" type="stmt"/>
          <line num="34" count="1" type="stmt"/>
        </file>
      </package>
    </metrics>
  </project>
</coverage>
