{"/home/knut/Dokumente/Programming/node.js/accounts/accounts_backend/config.js": {"path":"/home/knut/Dokumente/Programming/node.js/accounts/accounts_backend/config.js","statementMap":{"0":{"start":{"line":1,"column":32},"end":{"line":1,"column":60}},"1":{"start":{"line":2,"column":30},"end":{"line":2,"column":56}},"2":{"start":{"line":3,"column":24},"end":{"line":3,"column":44}},"3":{"start":{"line":4,"column":26},"end":{"line":4,"column":48}},"4":{"start":{"line":6,"column":34},"end":{"line":6,"column":64}},"5":{"start":{"line":7,"column":38},"end":{"line":7,"column":72}},"6":{"start":{"line":8,"column":32},"end":{"line":8,"column":60}},"7":{"start":{"line":9,"column":36},"end":{"line":9,"column":68}},"8":{"start":{"line":11,"column":28},"end":{"line":11,"column":52}},"9":{"start":{"line":13,"column":29},"end":{"line":13,"column":54}},"10":{"start":{"line":14,"column":25},"end":{"line":14,"column":46}},"11":{"start":{"line":15,"column":27},"end":{"line":15,"column":50}},"12":{"start":{"line":16,"column":25},"end":{"line":16,"column":46}},"13":{"start":{"line":17,"column":29},"end":{"line":17,"column":54}}},"fnMap":{},"branchMap":{},"s":{"0":3,"1":3,"2":3,"3":3,"4":3,"5":3,"6":3,"7":3,"8":3,"9":3,"10":3,"11":3,"12":3,"13":3},"f":{},"b":{},"_coverageSchema":"332fd63041d2c1bcb487cc26dd0d5f7d97098a6c","hash":"faa6695b36e3ce3e2721bde7d78bc52480ff38ec"}
,"/home/knut/Dokumente/Programming/node.js/accounts/accounts_backend/db/accountsSchema.js": {"path":"/home/knut/Dokumente/Programming/node.js/accounts/accounts_backend/db/accountsSchema.js","statementMap":{"0":{"start":{"line":3,"column":29},"end":{"line":30,"column":2}}},"fnMap":{},"branchMap":{},"s":{"0":3},"f":{},"b":{},"_coverageSchema":"332fd63041d2c1bcb487cc26dd0d5f7d97098a6c","hash":"4317db3a74f2eb3cd0541c03b869ed1e5a02eb8d"}
,"/home/knut/Dokumente/Programming/node.js/accounts/accounts_backend/db/index.js": {"path":"/home/knut/Dokumente/Programming/node.js/accounts/accounts_backend/db/index.js","statementMap":{"0":{"start":{"line":5,"column":24},"end":{"line":5,"column":65}},"1":{"start":{"line":7,"column":0},"end":{"line":7,"column":30}},"2":{"start":{"line":8,"column":0},"end":{"line":8,"column":33}},"3":{"start":{"line":9,"column":11},"end":{"line":9,"column":30}},"4":{"start":{"line":10,"column":0},"end":{"line":10,"column":64}}},"fnMap":{},"branchMap":{},"s":{"0":3,"1":3,"2":3,"3":3,"4":3},"f":{},"b":{},"_coverageSchema":"332fd63041d2c1bcb487cc26dd0d5f7d97098a6c","hash":"e7a09f139d8af160272dcc19d4bc0396c46a7629"}
,"/home/knut/Dokumente/Programming/node.js/accounts/accounts_backend/db/lib/resetDb.js": {"path":"/home/knut/Dokumente/Programming/node.js/accounts/accounts_backend/db/lib/resetDb.js","statementMap":{"0":{"start":{"line":4,"column":2},"end":{"line":4,"column":41}},"1":{"start":{"line":5,"column":2},"end":{"line":5,"column":43}}},"fnMap":{"0":{"name":"resetDb","decl":{"start":{"line":3,"column":22},"end":{"line":3,"column":29}},"loc":{"start":{"line":3,"column":32},"end":{"line":6,"column":1}},"line":3}},"branchMap":{},"s":{"0":3,"1":3},"f":{"0":3},"b":{},"_coverageSchema":"332fd63041d2c1bcb487cc26dd0d5f7d97098a6c","hash":"e09947b5ba28adab10aab54eb64b8c09298dbfa4"}
,"/home/knut/Dokumente/Programming/node.js/accounts/accounts_backend/db/lib/seed.js": {"path":"/home/knut/Dokumente/Programming/node.js/accounts/accounts_backend/db/lib/seed.js","statementMap":{"0":{"start":{"line":15,"column":2},"end":{"line":30,"column":4}},"1":{"start":{"line":16,"column":4},"end":{"line":29,"column":6}},"2":{"start":{"line":17,"column":6},"end":{"line":17,"column":24}},"3":{"start":{"line":19,"column":19},"end":{"line":25,"column":7}},"4":{"start":{"line":26,"column":6},"end":{"line":28,"column":8}},"5":{"start":{"line":27,"column":8},"end":{"line":27,"column":27}},"6":{"start":{"line":27,"column":18},"end":{"line":27,"column":27}},"7":{"start":{"line":35,"column":2},"end":{"line":35,"column":35}},"8":{"start":{"line":36,"column":2},"end":{"line":44,"column":4}}},"fnMap":{"0":{"name":"seedUser","decl":{"start":{"line":14,"column":22},"end":{"line":14,"column":30}},"loc":{"start":{"line":14,"column":77},"end":{"line":31,"column":1}},"line":14},"1":{"name":"(anonymous_1)","decl":{"start":{"line":15,"column":21},"end":{"line":15,"column":22}},"loc":{"start":{"line":15,"column":34},"end":{"line":30,"column":3}},"line":15},"2":{"name":"(anonymous_2)","decl":{"start":{"line":16,"column":37},"end":{"line":16,"column":38}},"loc":{"start":{"line":16,"column":48},"end":{"line":18,"column":5}},"line":16},"3":{"name":"(anonymous_3)","decl":{"start":{"line":18,"column":12},"end":{"line":18,"column":13}},"loc":{"start":{"line":18,"column":22},"end":{"line":29,"column":5}},"line":18},"4":{"name":"(anonymous_4)","decl":{"start":{"line":26,"column":28},"end":{"line":26,"column":29}},"loc":{"start":{"line":26,"column":37},"end":{"line":28,"column":7}},"line":26},"5":{"name":"seedUsers","decl":{"start":{"line":34,"column":16},"end":{"line":34,"column":25}},"loc":{"start":{"line":34,"column":28},"end":{"line":45,"column":1}},"line":34}},"branchMap":{"0":{"loc":{"start":{"line":20,"column":13},"end":{"line":20,"column":53}},"type":"cond-expr","locations":[{"start":{"line":20,"column":38},"end":{"line":20,"column":41}},{"start":{"line":20,"column":44},"end":{"line":20,"column":53}}],"line":20},"1":{"loc":{"start":{"line":22,"column":16},"end":{"line":22,"column":77}},"type":"cond-expr","locations":[{"start":{"line":22,"column":24},"end":{"line":22,"column":70}},{"start":{"line":22,"column":73},"end":{"line":22,"column":77}}],"line":22},"2":{"loc":{"start":{"line":27,"column":8},"end":{"line":27,"column":27}},"type":"if","locations":[{"start":{"line":27,"column":8},"end":{"line":27,"column":27}},{"start":{"line":27,"column":8},"end":{"line":27,"column":27}}],"line":27}},"s":{"0":2,"1":2,"2":0,"3":2,"4":2,"5":2,"6":2,"7":0,"8":0},"f":{"0":2,"1":2,"2":0,"3":2,"4":2,"5":0},"b":{"0":[2,0],"1":[0,2],"2":[2,0]},"_coverageSchema":"332fd63041d2c1bcb487cc26dd0d5f7d97098a6c","hash":"4209c10b72954fe7c64cb1b8e683b7adf4f64f14"}
,"/home/knut/Dokumente/Programming/node.js/accounts/accounts_backend/lib/helpers/generatePassword.js": {"path":"/home/knut/Dokumente/Programming/node.js/accounts/accounts_backend/lib/helpers/generatePassword.js","statementMap":{"0":{"start":{"line":1,"column":15},"end":{"line":1,"column":39}},"1":{"start":{"line":9,"column":2},"end":{"line":16,"column":4}},"2":{"start":{"line":10,"column":4},"end":{"line":15,"column":6}},"3":{"start":{"line":11,"column":6},"end":{"line":14,"column":8}},"4":{"start":{"line":12,"column":8},"end":{"line":12,"column":32}},"5":{"start":{"line":12,"column":19},"end":{"line":12,"column":32}},"6":{"start":{"line":13,"column":8},"end":{"line":13,"column":21}}},"fnMap":{"0":{"name":"generatePassword","decl":{"start":{"line":8,"column":16},"end":{"line":8,"column":32}},"loc":{"start":{"line":8,"column":43},"end":{"line":17,"column":1}},"line":8},"1":{"name":"(anonymous_1)","decl":{"start":{"line":9,"column":21},"end":{"line":9,"column":22}},"loc":{"start":{"line":9,"column":42},"end":{"line":16,"column":3}},"line":9},"2":{"name":"(anonymous_2)","decl":{"start":{"line":10,"column":23},"end":{"line":10,"column":24}},"loc":{"start":{"line":10,"column":38},"end":{"line":15,"column":5}},"line":10},"3":{"name":"(anonymous_3)","decl":{"start":{"line":11,"column":47},"end":{"line":11,"column":48}},"loc":{"start":{"line":11,"column":64},"end":{"line":14,"column":7}},"line":11}},"branchMap":{"0":{"loc":{"start":{"line":12,"column":8},"end":{"line":12,"column":32}},"type":"if","locations":[{"start":{"line":12,"column":8},"end":{"line":12,"column":32}},{"start":{"line":12,"column":8},"end":{"line":12,"column":32}}],"line":12}},"s":{"0":2,"1":2,"2":2,"3":2,"4":2,"5":0,"6":2},"f":{"0":2,"1":2,"2":2,"3":2},"b":{"0":[0,2]},"_coverageSchema":"332fd63041d2c1bcb487cc26dd0d5f7d97098a6c","hash":"3638e23da5281b34e3c16e6f071f193a910a32c3"}
,"/home/knut/Dokumente/Programming/node.js/accounts/accounts_backend/tests/helpers/mail.js": {"path":"/home/knut/Dokumente/Programming/node.js/accounts/accounts_backend/tests/helpers/mail.js","statementMap":{"0":{"start":{"line":1,"column":21},"end":{"line":1,"column":46}},"1":{"start":{"line":4,"column":30},"end":{"line":9,"column":1}},"2":{"start":{"line":5,"column":22},"end":{"line":5,"column":42}},"3":{"start":{"line":6,"column":2},"end":{"line":8,"column":18}},"4":{"start":{"line":7,"column":4},"end":{"line":7,"column":38}},"5":{"start":{"line":11,"column":34},"end":{"line":23,"column":2}},"6":{"start":{"line":11,"column":40},"end":{"line":23,"column":2}},"7":{"start":{"line":26,"column":23},"end":{"line":26,"column":43}},"8":{"start":{"line":27,"column":2},"end":{"line":27,"column":22}},"9":{"start":{"line":28,"column":2},"end":{"line":28,"column":76}},"10":{"start":{"line":28,"column":44},"end":{"line":28,"column":75}},"11":{"start":{"line":29,"column":2},"end":{"line":29,"column":53}},"12":{"start":{"line":29,"column":47},"end":{"line":29,"column":52}},"13":{"start":{"line":30,"column":2},"end":{"line":30,"column":53}},"14":{"start":{"line":30,"column":36},"end":{"line":30,"column":52}},"15":{"start":{"line":31,"column":2},"end":{"line":35,"column":5}},"16":{"start":{"line":31,"column":34},"end":{"line":35,"column":4}},"17":{"start":{"line":32,"column":4},"end":{"line":32,"column":48}},"18":{"start":{"line":33,"column":4},"end":{"line":33,"column":23}},"19":{"start":{"line":34,"column":4},"end":{"line":34,"column":33}}},"fnMap":{"0":{"name":"(anonymous_0)","decl":{"start":{"line":4,"column":30},"end":{"line":4,"column":31}},"loc":{"start":{"line":4,"column":40},"end":{"line":9,"column":1}},"line":4},"1":{"name":"(anonymous_1)","decl":{"start":{"line":6,"column":25},"end":{"line":6,"column":26}},"loc":{"start":{"line":6,"column":32},"end":{"line":8,"column":3}},"line":6},"2":{"name":"(anonymous_2)","decl":{"start":{"line":11,"column":34},"end":{"line":11,"column":35}},"loc":{"start":{"line":11,"column":40},"end":{"line":23,"column":2}},"line":11},"3":{"name":"getEmailLink","decl":{"start":{"line":25,"column":16},"end":{"line":25,"column":28}},"loc":{"start":{"line":25,"column":31},"end":{"line":36,"column":1}},"line":25},"4":{"name":"(anonymous_4)","decl":{"start":{"line":28,"column":38},"end":{"line":28,"column":39}},"loc":{"start":{"line":28,"column":44},"end":{"line":28,"column":75}},"line":28},"5":{"name":"(anonymous_5)","decl":{"start":{"line":29,"column":41},"end":{"line":29,"column":42}},"loc":{"start":{"line":29,"column":47},"end":{"line":29,"column":52}},"line":29},"6":{"name":"(anonymous_6)","decl":{"start":{"line":30,"column":27},"end":{"line":30,"column":28}},"loc":{"start":{"line":30,"column":36},"end":{"line":30,"column":52}},"line":30},"7":{"name":"(anonymous_7)","decl":{"start":{"line":31,"column":21},"end":{"line":31,"column":22}},"loc":{"start":{"line":31,"column":34},"end":{"line":35,"column":4}},"line":31},"8":{"name":"(anonymous_8)","decl":{"start":{"line":31,"column":58},"end":{"line":31,"column":59}},"loc":{"start":{"line":31,"column":75},"end":{"line":35,"column":3}},"line":31}},"branchMap":{},"s":{"0":1,"1":1,"2":1,"3":1,"4":51,"5":1,"6":1,"7":1,"8":1,"9":1,"10":1,"11":1,"12":1,"13":1,"14":0,"15":1,"16":1,"17":1,"18":1,"19":1},"f":{"0":1,"1":51,"2":1,"3":1,"4":1,"5":1,"6":0,"7":1,"8":1},"b":{},"_coverageSchema":"332fd63041d2c1bcb487cc26dd0d5f7d97098a6c","hash":"8dda3963dc9477de8c8b702529a7ca2c8a5f6df2"}
}
