TN:
SF:/home/knut/Dokumente/Programming/node.js/accounts/accounts_backend/config.js
FNF:0
FNH:0
DA:1,3
DA:2,3
DA:3,3
DA:4,3
DA:6,3
DA:7,3
DA:8,3
DA:9,3
DA:11,3
DA:13,3
DA:14,3
DA:15,3
DA:16,3
DA:17,3
LF:14
LH:14
BRF:0
BRH:0
end_of_record
TN:
SF:/home/knut/Dokumente/Programming/node.js/accounts/accounts_backend/db/accountsSchema.js
FNF:0
FNH:0
DA:3,3
LF:1
LH:1
BRF:0
BRH:0
end_of_record
TN:
SF:/home/knut/Dokumente/Programming/node.js/accounts/accounts_backend/db/index.js
FNF:0
FNH:0
DA:5,3
DA:7,3
DA:8,3
DA:9,3
DA:10,3
LF:5
LH:5
BRF:0
BRH:0
end_of_record
TN:
SF:/home/knut/Dokumente/Programming/node.js/accounts/accounts_backend/db/lib/resetDb.js
FN:3,resetDb
FNF:1
FNH:1
FNDA:3,resetDb
DA:4,3
DA:5,3
LF:2
LH:2
BRF:0
BRH:0
end_of_record
TN:
SF:/home/knut/Dokumente/Programming/node.js/accounts/accounts_backend/db/lib/seed.js
FN:14,seedUser
FN:15,(anonymous_1)
FN:16,(anonymous_2)
FN:18,(anonymous_3)
FN:26,(anonymous_4)
FN:34,seedUsers
FNF:6
FNH:4
FNDA:2,seedUser
FNDA:2,(anonymous_1)
FNDA:0,(anonymous_2)
FNDA:2,(anonymous_3)
FNDA:2,(anonymous_4)
FNDA:0,seedUsers
DA:15,2
DA:16,2
DA:17,0
DA:19,2
DA:26,2
DA:27,2
DA:35,0
DA:36,0
LF:8
LH:5
BRDA:20,0,0,2
BRDA:20,0,1,0
BRDA:22,1,0,0
BRDA:22,1,1,2
BRDA:27,2,0,2
BRDA:27,2,1,0
BRF:6
BRH:3
end_of_record
TN:
SF:/home/knut/Dokumente/Programming/node.js/accounts/accounts_backend/lib/helpers/generatePassword.js
FN:8,generatePassword
FN:9,(anonymous_1)
FN:10,(anonymous_2)
FN:11,(anonymous_3)
FNF:4
FNH:4
FNDA:2,generatePassword
FNDA:2,(anonymous_1)
FNDA:2,(anonymous_2)
FNDA:2,(anonymous_3)
DA:1,2
DA:9,2
DA:10,2
DA:11,2
DA:12,2
DA:13,2
LF:6
LH:6
BRDA:12,0,0,0
BRDA:12,0,1,2
BRF:2
BRH:1
end_of_record
TN:
SF:/home/knut/Dokumente/Programming/node.js/accounts/accounts_backend/tests/helpers/mail.js
FN:4,(anonymous_0)
FN:6,(anonymous_1)
FN:11,(anonymous_2)
FN:25,getEmailLink
FN:28,(anonymous_4)
FN:29,(anonymous_5)
FN:30,(anonymous_6)
FN:31,(anonymous_7)
FN:31,(anonymous_8)
FNF:9
FNH:8
FNDA:1,(anonymous_0)
FNDA:51,(anonymous_1)
FNDA:1,(anonymous_2)
FNDA:1,getEmailLink
FNDA:1,(anonymous_4)
FNDA:1,(anonymous_5)
FNDA:0,(anonymous_6)
FNDA:1,(anonymous_7)
FNDA:1,(anonymous_8)
DA:1,1
DA:4,1
DA:5,1
DA:6,1
DA:7,51
DA:11,1
DA:26,1
DA:27,1
DA:28,1
DA:29,1
DA:30,1
DA:31,1
DA:32,1
DA:33,1
DA:34,1
LF:15
LH:15
BRF:0
BRH:0
end_of_record
